<?xml version="1.0" encoding="UTF-8"?>
<!-- Generated by org.testng.reporters.JUnitReportReporter -->
<testsuite hostname="IN-PG02P4VN" failures="0" tests="2" name="BaseTest.NavigatorTest" time="5.798" errors="0" timestamp="2023-01-09T14:10:15 IST" skipped="1">
  <testcase classname="BaseTest.NavigatorTest" name="Rightnavigate" time="1.985">
    <skipped/>
  </testcase> <!-- Rightnavigate -->
  <system-out/>
  <testcase classname="BaseTest.NavigatorTest" name="leftNavigate" time="3.813"/>
  <system-out/>
</testsuite> <!-- BaseTest.NavigatorTest -->
