<?xml version="1.0" encoding="UTF-8"?>
<!-- Generated by org.testng.reporters.JUnitReportReporter -->
<testsuite hostname="IN-PG02P4VN" failures="0" tests="1" name="BaseTest.VerifyTitlePage" time="31.416" errors="0" timestamp="2023-01-09T14:10:15 IST" skipped="0">
  <testcase classname="BaseTest.VerifyTitlePage" name="verifyTitle" time="31.416"/>
  <system-out/>
</testsuite> <!-- BaseTest.VerifyTitlePage -->
