<?xml version="1.0" encoding="UTF-8"?>
<!-- Generated by org.testng.reporters.JUnitReportReporter -->
<testsuite hostname="IN-PG02P4VN" failures="0" tests="3" name="BaseTest.HomePageTest" time="62.908" errors="0" timestamp="2023-01-09T14:10:15 IST" skipped="1">
  <testcase classname="BaseTest.HomePageTest" name="LoginTest" time="16.902"/>
  <system-out/>
  <testcase classname="BaseTest.HomePageTest" name="searchMobile" time="44.461"/>
  <system-out/>
  <testcase classname="BaseTest.HomePageTest" name="compareProduct" time="1.545">
    <skipped/>
  </testcase> <!-- compareProduct -->
  <system-out/>
</testsuite> <!-- BaseTest.HomePageTest -->
