<?xml version="1.0" encoding="UTF-8"?>
<!-- Generated by org.testng.reporters.JUnitReportReporter -->
<testsuite hostname="IN-PG02P4VN" failures="0" tests="4" name="BaseTest.FooterPageTest" time="137.210" errors="0" timestamp="2023-01-09T14:10:15 IST" skipped="1">
  <testcase classname="BaseTest.FooterPageTest" name="SocialTest" time="59.593"/>
  <system-out/>
  <testcase classname="BaseTest.FooterPageTest" name="FaQTest" time="1.537">
    <skipped/>
  </testcase> <!-- FaQTest -->
  <system-out/>
  <testcase classname="BaseTest.FooterPageTest" name="cancel" time="27.909"/>
  <system-out/>
  <testcase classname="BaseTest.FooterPageTest" name="giftCard" time="48.171"/>
  <system-out/>
</testsuite> <!-- BaseTest.FooterPageTest -->
