<?xml version="1.0" encoding="UTF-8"?>
<!-- Generated by org.testng.reporters.JUnitReportReporter -->
<testsuite hostname="IN-PG02P4VN" failures="0" tests="2" name="BaseTest.GroceryPageTest" time="40.222" errors="0" timestamp="2023-01-09T14:10:15 IST" skipped="0">
  <testcase classname="BaseTest.GroceryPageTest" name="Grocery" time="29.645"/>
  <system-out/>
  <testcase classname="BaseTest.GroceryPageTest" name="Cart" time="10.577"/>
  <system-out/>
</testsuite> <!-- BaseTest.GroceryPageTest -->
