<?xml version="1.0" encoding="UTF-8"?>
<!-- Generated by org.testng.reporters.JUnitReportReporter -->
<testsuite hostname="IN-PG02P4VN" failures="0" tests="2" name="BaseTest.ExplorePlusePageTest" time="21.046" errors="0" timestamp="2023-01-09T14:10:15 IST" skipped="1">
  <testcase classname="BaseTest.ExplorePlusePageTest" name="ExplorePlus" time="1.681">
    <skipped/>
  </testcase> <!-- ExplorePlus -->
  <system-out/>
  <testcase classname="BaseTest.ExplorePlusePageTest" name="ExplorePlus1" time="19.365"/>
  <system-out/>
</testsuite> <!-- BaseTest.ExplorePlusePageTest -->
