<?xml version="1.0" encoding="UTF-8"?>
<!-- Generated by org.testng.reporters.JUnitReportReporter -->
<testsuite hostname="IN-PG02P4VN" failures="0" tests="6" name="BaseTest.HeadersPageTest" time="89.672" errors="0" timestamp="2023-01-09T14:10:15 IST" skipped="0">
  <testcase classname="BaseTest.HeadersPageTest" name="headersTest" time="6.704"/>
  <system-out/>
  <testcase classname="BaseTest.HeadersPageTest" name="electronic" time="11.735"/>
  <system-out/>
  <testcase classname="BaseTest.HeadersPageTest" name="offer" time="11.779"/>
  <system-out/>
  <testcase classname="BaseTest.HeadersPageTest" name="beauty" time="12.096"/>
  <system-out/>
  <testcase classname="BaseTest.HeadersPageTest" name="TwoWhellers" time="16.610"/>
  <system-out/>
  <testcase classname="BaseTest.HeadersPageTest" name="BecameSeller" time="30.748"/>
  <system-out/>
</testsuite> <!-- BaseTest.HeadersPageTest -->
