<?xml version="1.0" encoding="UTF-8"?>
<!-- Generated by org.testng.reporters.JUnitReportReporter -->
<testsuite hostname="IN-PG02P4VN" failures="0" tests="1" name="Assignment.Flipkart.AppTest" time="0.012" errors="0" timestamp="2023-01-09T13:54:56 IST" skipped="0">
  <testcase classname="Assignment.Flipkart.AppTest" name="shouldAnswerWithTrue" time="0.012"/>
  <system-out/>
</testsuite> <!-- Assignment.Flipkart.AppTest -->
